<?xml version="1.0" encoding="UTF-8"?>
<!-- Generated by org.testng.reporters.JUnitReportReporter -->
<testsuite hostname="Cruiz" failures="0" tests="4" name="runners.TestRunner" time="66.863" errors="0" timestamp="2026-05-30T17:26:14 IST" skipped="0">
  <testcase classname="runners.TestRunner" name="runScenario" time="12.739"/>
  <testcase classname="runners.TestRunner" name="runScenario" time="19.558"/>
  <testcase classname="runners.TestRunner" name="runScenario" time="22.039"/>
  <testcase classname="runners.TestRunner" name="runScenario" time="12.527"/>
</testsuite> <!-- runners.TestRunner -->
