<?xml version="1.0" encoding="UTF-8"?>
<!-- Generated by org.testng.reporters.JUnitXMLReporter -->
<testsuite ignored="2" hostname="Cruiz" failures="1" tests="9" name="Test" time="35.681" errors="0" timestamp="2026-05-24T20:30:56 IST">
  <testcase classname="Project_pkg.OpenCart_Demo" name="login" time="1.325"/>
  <testcase classname="Project_pkg.OpenCart_Demo" name="change_Address" time="10.218"/>
  <testcase classname="Project_pkg.OpenCart_Demo" name="multiple_search" time="2.853"/>
  <testcase classname="Project_pkg.OpenCart_Demo" name="multiple_search" time="2.857"/>
  <testcase classname="Project_pkg.OpenCart_Demo" name="multiple_search" time="2.9"/>
  <testcase classname="Project_pkg.OpenCart_Demo" name="product_details" time="1.667"/>
  <testcase classname="Project_pkg.OpenCart_Demo" name="add_to_cart" time="3.377"/>
  <testcase classname="Project_pkg.OpenCart_Demo" name="delete_cart_item" time="4.38"/>
  <testcase classname="Project_pkg.OpenCart_Demo" name="checkout" time="2.534">
    <failure type="java.lang.AssertionError" message="null">
      <![CDATA[java.lang.AssertionError: null
at Project_pkg.OpenCart_Demo.checkout(OpenCart_Demo.java:295)
at java.base/java.util.ArrayList.forEach(ArrayList.java:1596)
... Removed 27 stack frames]]>
    </failure>
  </testcase> <!-- checkout -->
  <testcase classname="Project_pkg.OpenCart_Demo" name="Change_name" time="0.0">
    <ignored/>
  </testcase> <!-- Change_name -->
  <testcase classname="Project_pkg.OpenCart_Demo" name="registration" time="0.0">
    <ignored/>
  </testcase> <!-- registration -->
</testsuite> <!-- Test -->
