<?xml version="1.0" encoding="UTF-8"?>
<!-- Generated by org.testng.reporters.JUnitReportReporter -->
<testsuite hostname="Cruiz" failures="0" tests="9" name="myStepDefination.TestRunner" time="178.057" errors="1" timestamp="2026-06-02T13:31:34 IST" skipped="0">
  <testcase classname="myStepDefination.TestRunner" name="runScenario" time="5.559"/>
  <testcase classname="myStepDefination.TestRunner" name="runScenario" time="17.756"/>
  <testcase classname="myStepDefination.TestRunner" name="runScenario" time="34.793">
    <error message="Expected condition failed: waiting for element to be clickable: By.xpath: (//button[@data-original-title=&#039;Remove&#039;])[1] (tried for 15 second(s) with 500 milliseconds interval)
Build info: version: &#039;4.21.0&#039;, revision: &#039;79ed462ef4&#039;
System info: os.name: &#039;Windows 11&#039;, os.arch: &#039;amd64&#039;, os.version: &#039;10.0&#039;, java.version: &#039;21.0.10&#039;
Driver info: org.openqa.selenium.chrome.ChromeDriver
Capabilities {acceptInsecureCerts: false, browserName: chrome, browserVersion: 148.0.7778.181, chrome: {chromedriverVersion: 148.0.7778.178 (d096af1c9e9..., userDataDir: C:\Users\umesh\AppData\Loca...}, fedcm:accounts: true, goog:chromeOptions: {debuggerAddress: localhost:52920}, goog:processID: 27756, networkConnectionEnabled: false, pageLoadStrategy: normal, platformName: windows, proxy: Proxy(), se:cdp: ws://localhost:52920/devtoo..., se:cdpVersion: 148.0.7778.181, setWindowRect: true, strictFileInteractability: false, timeouts: {implicit: 0, pageLoad: 300000, script: 30000}, unhandledPromptBehavior: dismiss and notify, webauthn:extension:credBlob: true, webauthn:extension:largeBlob: true, webauthn:extension:minPinLength: true, webauthn:extension:prf: true, webauthn:virtualAuthenticators: true}
Session ID: 1a7716046c9626efcfffb70468d5d4ea" type="org.openqa.selenium.TimeoutException">
      <![CDATA[org.openqa.selenium.TimeoutException: Expected condition failed: waiting for element to be clickable: By.xpath: (//button[@data-original-title='Remove'])[1] (tried for 15 second(s) with 500 milliseconds interval)
Build info: version: '4.21.0', revision: '79ed462ef4'
System info: os.name: 'Windows 11', os.arch: 'amd64', os.version: '10.0', java.version: '21.0.10'
Driver info: org.openqa.selenium.chrome.ChromeDriver
Capabilities {acceptInsecureCerts: false, browserName: chrome, browserVersion: 148.0.7778.181, chrome: {chromedriverVersion: 148.0.7778.178 (d096af1c9e9..., userDataDir: C:\Users\umesh\AppData\Loca...}, fedcm:accounts: true, goog:chromeOptions: {debuggerAddress: localhost:52920}, goog:processID: 27756, networkConnectionEnabled: false, pageLoadStrategy: normal, platformName: windows, proxy: Proxy(), se:cdp: ws://localhost:52920/devtoo..., se:cdpVersion: 148.0.7778.181, setWindowRect: true, strictFileInteractability: false, timeouts: {implicit: 0, pageLoad: 300000, script: 30000}, unhandledPromptBehavior: dismiss and notify, webauthn:extension:credBlob: true, webauthn:extension:largeBlob: true, webauthn:extension:minPinLength: true, webauthn:extension:prf: true, webauthn:virtualAuthenticators: true}
Session ID: 1a7716046c9626efcfffb70468d5d4ea
at org.openqa.selenium.support.ui.WebDriverWait.timeoutException(WebDriverWait.java:84)
at org.openqa.selenium.support.ui.FluentWait.until(FluentWait.java:228)
at myStepDefination.StepDefinations.remove_item(StepDefinations.java:310)
at ✽.removes one cart item(file:///C:/Users/umesh/git/Wipro-Training/Wipro-Training/Cucumber_BBD/src/test/resources/myFeatures/Test.feature:88)
]]>
    </error>
  </testcase> <!-- runScenario -->
  <testcase classname="myStepDefination.TestRunner" name="runScenario" time="25.384"/>
  <testcase classname="myStepDefination.TestRunner" name="runScenario" time="7.782"/>
  <testcase classname="myStepDefination.TestRunner" name="runScenario" time="30.064"/>
  <testcase classname="myStepDefination.TestRunner" name="runScenario" time="11.588"/>
  <testcase classname="myStepDefination.TestRunner" name="runScenario" time="23.602"/>
  <testcase classname="myStepDefination.TestRunner" name="runScenario" time="21.529"/>
</testsuite> <!-- myStepDefination.TestRunner -->
