<?xml version="1.0" encoding="UTF-8"?>
<!-- Generated by org.testng.reporters.JUnitReportReporter -->
<testsuite hostname="Cruiz" failures="0" tests="9" name="myStepDefination.TestRunner" time="40.507" errors="0" timestamp="2026-06-02T12:33:19 IST" skipped="0">
  <testcase classname="myStepDefination.TestRunner" name="runScenario" time="3.152"/>
  <testcase classname="myStepDefination.TestRunner" name="runScenario" time="6.001"/>
  <testcase classname="myStepDefination.TestRunner" name="runScenario" time="5.178"/>
  <testcase classname="myStepDefination.TestRunner" name="runScenario" time="2.837"/>
  <testcase classname="myStepDefination.TestRunner" name="runScenario" time="3.241"/>
  <testcase classname="myStepDefination.TestRunner" name="runScenario" time="4.619"/>
  <testcase classname="myStepDefination.TestRunner" name="runScenario" time="4.667"/>
  <testcase classname="myStepDefination.TestRunner" name="runScenario" time="6.047"/>
  <testcase classname="myStepDefination.TestRunner" name="runScenario" time="4.765"/>
</testsuite> <!-- myStepDefination.TestRunner -->
