<?xml version="1.0" encoding="UTF-8"?>
<testng-results ignored="0" total="9" passed="9" failed="0" skipped="0">
  <reporter-output>
  </reporter-output>
  <suite started-at="2026-06-02T12:32:38 IST" name="Default suite" finished-at="2026-06-02T12:33:19 IST" duration-ms="41314">
    <groups>
      <group name="cucumber">
        <method signature="AbstractTestNGCucumberTests.runScenario(io.cucumber.testng.PickleWrapper,io.cucumber.testng.FeatureWrapper)[pri:0, instance:myStepDefination.TestRunner@69453e37]" name="runScenario" class="io.cucumber.testng.AbstractTestNGCucumberTests"/>
      </group> <!-- cucumber -->
    </groups>
    <test started-at="2026-06-02T12:32:38 IST" name="Default test" finished-at="2026-06-02T12:33:19 IST" duration-ms="41314">
      <class name="myStepDefination.TestRunner">
        <test-method is-config="true" signature="setUpClass(org.testng.ITestContext)[pri:0, instance:myStepDefination.TestRunner@69453e37]" started-at="2026-06-02T12:32:38 IST" name="setUpClass" finished-at="2026-06-02T12:32:38 IST" duration-ms="663" status="PASS">
          <params>
            <param index="0">
              <value>
                <![CDATA[org.testng.TestRunner@4f169009]]>
              </value>
            </param>
          </params>
          <reporter-output>
          </reporter-output>
        </test-method> <!-- setUpClass -->
        <test-method signature="runScenario(io.cucumber.testng.PickleWrapper,io.cucumber.testng.FeatureWrapper)[pri:0, instance:myStepDefination.TestRunner@69453e37]" started-at="2026-06-02T12:32:38 IST" name="runScenario" description="Runs Cucumber Scenarios" data-provider="scenarios" finished-at="2026-06-02T12:32:43 IST" duration-ms="4619" status="PASS">
          <params>
            <param index="0">
              <value>
                <![CDATA["Registration"]]>
              </value>
            </param>
            <param index="1">
              <value>
                <![CDATA["Verify OpenCart Demo functionality"]]>
              </value>
            </param>
          </params>
          <reporter-output>
          </reporter-output>
        </test-method> <!-- runScenario -->
        <test-method signature="runScenario(io.cucumber.testng.PickleWrapper,io.cucumber.testng.FeatureWrapper)[pri:0, instance:myStepDefination.TestRunner@69453e37]" started-at="2026-06-02T12:32:43 IST" name="runScenario" description="Runs Cucumber Scenarios" data-provider="scenarios" finished-at="2026-06-02T12:32:48 IST" duration-ms="4667" status="PASS">
          <params>
            <param index="0">
              <value>
                <![CDATA["Login"]]>
              </value>
            </param>
            <param index="1">
              <value>
                <![CDATA["Verify OpenCart Demo functionality"]]>
              </value>
            </param>
          </params>
          <reporter-output>
          </reporter-output>
        </test-method> <!-- runScenario -->
        <test-method signature="runScenario(io.cucumber.testng.PickleWrapper,io.cucumber.testng.FeatureWrapper)[pri:0, instance:myStepDefination.TestRunner@69453e37]" started-at="2026-06-02T12:32:48 IST" name="runScenario" description="Runs Cucumber Scenarios" data-provider="scenarios" finished-at="2026-06-02T12:32:54 IST" duration-ms="6047" status="PASS">
          <params>
            <param index="0">
              <value>
                <![CDATA["Change Phone Number"]]>
              </value>
            </param>
            <param index="1">
              <value>
                <![CDATA["Verify OpenCart Demo functionality"]]>
              </value>
            </param>
          </params>
          <reporter-output>
          </reporter-output>
        </test-method> <!-- runScenario -->
        <test-method signature="runScenario(io.cucumber.testng.PickleWrapper,io.cucumber.testng.FeatureWrapper)[pri:0, instance:myStepDefination.TestRunner@69453e37]" started-at="2026-06-02T12:32:54 IST" name="runScenario" description="Runs Cucumber Scenarios" data-provider="scenarios" finished-at="2026-06-02T12:32:59 IST" duration-ms="5178" status="PASS">
          <params>
            <param index="0">
              <value>
                <![CDATA["Change Address"]]>
              </value>
            </param>
            <param index="1">
              <value>
                <![CDATA["Verify OpenCart Demo functionality"]]>
              </value>
            </param>
          </params>
          <reporter-output>
          </reporter-output>
        </test-method> <!-- runScenario -->
        <test-method signature="runScenario(io.cucumber.testng.PickleWrapper,io.cucumber.testng.FeatureWrapper)[pri:0, instance:myStepDefination.TestRunner@69453e37]" started-at="2026-06-02T12:32:59 IST" name="runScenario" description="Runs Cucumber Scenarios" data-provider="scenarios" finished-at="2026-06-02T12:33:05 IST" duration-ms="6001" status="PASS">
          <params>
            <param index="0">
              <value>
                <![CDATA["Multiple Search"]]>
              </value>
            </param>
            <param index="1">
              <value>
                <![CDATA["Verify OpenCart Demo functionality"]]>
              </value>
            </param>
          </params>
          <reporter-output>
          </reporter-output>
        </test-method> <!-- runScenario -->
        <test-method signature="runScenario(io.cucumber.testng.PickleWrapper,io.cucumber.testng.FeatureWrapper)[pri:0, instance:myStepDefination.TestRunner@69453e37]" started-at="2026-06-02T12:33:05 IST" name="runScenario" description="Runs Cucumber Scenarios" data-provider="scenarios" finished-at="2026-06-02T12:33:08 IST" duration-ms="3152" status="PASS">
          <params>
            <param index="0">
              <value>
                <![CDATA["Multiple Search"]]>
              </value>
            </param>
            <param index="1">
              <value>
                <![CDATA["Verify OpenCart Demo functionality"]]>
              </value>
            </param>
          </params>
          <reporter-output>
          </reporter-output>
        </test-method> <!-- runScenario -->
        <test-method signature="runScenario(io.cucumber.testng.PickleWrapper,io.cucumber.testng.FeatureWrapper)[pri:0, instance:myStepDefination.TestRunner@69453e37]" started-at="2026-06-02T12:33:08 IST" name="runScenario" description="Runs Cucumber Scenarios" data-provider="scenarios" finished-at="2026-06-02T12:33:11 IST" duration-ms="2837" status="PASS">
          <params>
            <param index="0">
              <value>
                <![CDATA["Multiple Search"]]>
              </value>
            </param>
            <param index="1">
              <value>
                <![CDATA["Verify OpenCart Demo functionality"]]>
              </value>
            </param>
          </params>
          <reporter-output>
          </reporter-output>
        </test-method> <!-- runScenario -->
        <test-method signature="runScenario(io.cucumber.testng.PickleWrapper,io.cucumber.testng.FeatureWrapper)[pri:0, instance:myStepDefination.TestRunner@69453e37]" started-at="2026-06-02T12:33:11 IST" name="runScenario" description="Runs Cucumber Scenarios" data-provider="scenarios" finished-at="2026-06-02T12:33:14 IST" duration-ms="3241" status="PASS">
          <params>
            <param index="0">
              <value>
                <![CDATA["Product Detail and Cart"]]>
              </value>
            </param>
            <param index="1">
              <value>
                <![CDATA["Verify OpenCart Demo functionality"]]>
              </value>
            </param>
          </params>
          <reporter-output>
          </reporter-output>
        </test-method> <!-- runScenario -->
        <test-method signature="runScenario(io.cucumber.testng.PickleWrapper,io.cucumber.testng.FeatureWrapper)[pri:0, instance:myStepDefination.TestRunner@69453e37]" started-at="2026-06-02T12:33:14 IST" name="runScenario" description="Runs Cucumber Scenarios" data-provider="scenarios" finished-at="2026-06-02T12:33:19 IST" duration-ms="4765" status="PASS">
          <params>
            <param index="0">
              <value>
                <![CDATA["Add Delete and Checkout Cart"]]>
              </value>
            </param>
            <param index="1">
              <value>
                <![CDATA["Verify OpenCart Demo functionality"]]>
              </value>
            </param>
          </params>
          <reporter-output>
          </reporter-output>
        </test-method> <!-- runScenario -->
        <test-method is-config="true" signature="tearDownClass()[pri:0, instance:myStepDefination.TestRunner@69453e37]" started-at="2026-06-02T12:33:19 IST" name="tearDownClass" finished-at="2026-06-02T12:33:19 IST" duration-ms="69" status="PASS">
          <reporter-output>
          </reporter-output>
        </test-method> <!-- tearDownClass -->
      </class> <!-- myStepDefination.TestRunner -->
    </test> <!-- Default test -->
  </suite> <!-- Default suite -->
</testng-results>
