<?xml version="1.0" encoding="UTF-8"?>
<!-- Generated by org.testng.reporters.JUnitReportReporter -->
<testsuite hostname="Cruiz" failures="0" tests="5" name="Testng_practice.Test_Validation" time="26.370" errors="0" timestamp="2026-05-22T09:07:08 IST" skipped="0">
  <testcase classname="Testng_practice.Test_Validation" name="f1" time="5.542"/>
  <testcase classname="Testng_practice.Test_Validation" name="f1" time="6.355"/>
  <testcase classname="Testng_practice.Test_Validation" name="f1" time="4.848"/>
  <testcase classname="Testng_practice.Test_Validation" name="f1" time="4.839"/>
  <testcase classname="Testng_practice.Test_Validation" name="f1" time="4.786"/>
</testsuite> <!-- Testng_practice.Test_Validation -->
