<?xml version="1.0" encoding="UTF-8"?>
<!-- Generated by org.testng.reporters.JUnitReportReporter -->
<testsuite hostname="Cruiz" failures="0" tests="9" name="Testng_practice.ExcelData" time="1.177" errors="0" timestamp="2026-05-24T21:11:07 IST" skipped="0">
  <testcase classname="Testng_practice.ExcelData" name="writeExcel" time="0.010"/>
  <testcase classname="Testng_practice.ExcelData" name="writeExcel" time="0.006"/>
  <testcase classname="Testng_practice.ExcelData" name="saveExcel" time="0.305"/>
  <testcase classname="Testng_practice.ExcelData" name="writeExcel" time="0.841"/>
  <testcase classname="Testng_practice.ExcelData" name="writeExcel" time="0.006"/>
  <testcase classname="Testng_practice.ExcelData" name="loginTest" time="0.002"/>
  <testcase classname="Testng_practice.ExcelData" name="loginTest" time="0.002"/>
  <testcase classname="Testng_practice.ExcelData" name="loginTest" time="0.003"/>
  <testcase classname="Testng_practice.ExcelData" name="loginTest" time="0.002"/>
</testsuite> <!-- Testng_practice.ExcelData -->
