<?xml version="1.0" encoding="UTF-8"?>
<!-- Generated by org.testng.reporters.JUnitReportReporter -->
<testsuite hostname="Cruiz" failures="0" tests="4" name="Testng_practice.LoginValidation_Test" time="49.324" errors="0" timestamp="2026-05-21T12:25:48 IST" skipped="0">
  <testcase classname="Testng_practice.LoginValidation_Test" name="f" time="16.759"/>
  <testcase classname="Testng_practice.LoginValidation_Test" name="f" time="7.261"/>
  <testcase classname="Testng_practice.LoginValidation_Test" name="f" time="18.667"/>
  <testcase classname="Testng_practice.LoginValidation_Test" name="f" time="6.637"/>
</testsuite> <!-- Testng_practice.LoginValidation_Test -->
