<?xml version="1.0" encoding="UTF-8"?>
<!-- Generated by org.testng.reporters.JUnitReportReporter -->
<testsuite hostname="Cruiz" failures="0" tests="10" name="Testng_practice.TB_Test" time="24.823" errors="0" timestamp="2026-05-22T17:41:05 IST" skipped="4">
  <testcase classname="Testng_practice.TB_Test" name="multiple_search" time="4.028"/>
  <testcase classname="Testng_practice.TB_Test" name="multiple_search" time="3.523"/>
  <testcase classname="Testng_practice.TB_Test" name="multiple_search" time="6.987"/>
  <testcase classname="Testng_practice.TB_Test" name="product_details" time="1.241"/>
  <testcase classname="Testng_practice.TB_Test" name="add_to_cart" time="5.384"/>
  <testcase classname="Testng_practice.TB_Test" name="delete_cart_item" time="3.660"/>
  <testcase classname="Testng_practice.TB_Test" name="registration">
    <skipped/>
  </testcase> <!-- registration -->
  <testcase classname="Testng_practice.TB_Test" name="Change_name">
    <skipped/>
  </testcase> <!-- Change_name -->
  <testcase classname="Testng_practice.TB_Test" name="change_Address">
    <skipped/>
  </testcase> <!-- change_Address -->
  <testcase classname="Testng_practice.TB_Test" name="login">
    <skipped/>
  </testcase> <!-- login -->
</testsuite> <!-- Testng_practice.TB_Test -->
