<?xml version="1.0" encoding="UTF-8"?>
<!-- Generated by org.testng.reporters.JUnitReportReporter -->
<testsuite hostname="Cruiz" failures="0" tests="4" name="Testng_practice.LoginValidation" time="37.901" errors="0" timestamp="2026-05-22T14:20:29 IST" skipped="0">
  <testcase classname="Testng_practice.LoginValidation" name="f" time="7.272"/>
  <testcase classname="Testng_practice.LoginValidation" name="f" time="13.060"/>
  <testcase classname="Testng_practice.LoginValidation" name="f" time="8.884"/>
  <testcase classname="Testng_practice.LoginValidation" name="f" time="8.685"/>
</testsuite> <!-- Testng_practice.LoginValidation -->
