<?xml version="1.0" encoding="UTF-8"?>
<!-- Generated by org.testng.reporters.JUnitXMLReporter -->
<testsuite ignored="0" hostname="Cruiz" failures="0" tests="9" name="Default test" time="1.438" errors="0" timestamp="2026-05-24T21:11:07 IST">
  <testcase classname="Testng_practice.ExcelData" name="writeExcel" time="0.841"/>
  <testcase classname="Testng_practice.ExcelData" name="writeExcel" time="0.01"/>
  <testcase classname="Testng_practice.ExcelData" name="writeExcel" time="0.006"/>
  <testcase classname="Testng_practice.ExcelData" name="writeExcel" time="0.006"/>
  <testcase classname="Testng_practice.ExcelData" name="saveExcel" time="0.305"/>
  <testcase classname="Testng_practice.ExcelData" name="loginTest" time="0.002"/>
  <testcase classname="Testng_practice.ExcelData" name="loginTest" time="0.002"/>
  <testcase classname="Testng_practice.ExcelData" name="loginTest" time="0.003"/>
  <testcase classname="Testng_practice.ExcelData" name="loginTest" time="0.002"/>
</testsuite> <!-- Default test -->
