<?xml version="1.0" encoding="UTF-8"?>
<testng-results ignored="0" total="9" passed="9" failed="0" skipped="0">
  <reporter-output>
  </reporter-output>
  <suite started-at="2026-05-24T21:11:06 IST" name="Default suite" finished-at="2026-05-24T21:11:07 IST" duration-ms="1438">
    <groups>
    </groups>
    <test started-at="2026-05-24T21:11:06 IST" name="Default test" finished-at="2026-05-24T21:11:07 IST" duration-ms="1438">
      <class name="Testng_practice.ExcelData">
        <test-method signature="writeExcel(java.lang.String,java.lang.String)[pri:0, instance:Testng_practice.ExcelData@5e0e82ae]" started-at="2026-05-24T21:11:06 IST" name="writeExcel" data-provider="userdata" finished-at="2026-05-24T21:11:07 IST" duration-ms="841" status="PASS">
          <params>
            <param index="0">
              <value>
                <![CDATA[admin]]>
              </value>
            </param>
            <param index="1">
              <value>
                <![CDATA[admin123]]>
              </value>
            </param>
          </params>
          <reporter-output>
          </reporter-output>
        </test-method> <!-- writeExcel -->
        <test-method signature="writeExcel(java.lang.String,java.lang.String)[pri:0, instance:Testng_practice.ExcelData@5e0e82ae]" started-at="2026-05-24T21:11:07 IST" name="writeExcel" data-provider="userdata" finished-at="2026-05-24T21:11:07 IST" duration-ms="10" status="PASS">
          <params>
            <param index="0">
              <value>
                <![CDATA[user1]]>
              </value>
            </param>
            <param index="1">
              <value>
                <![CDATA[pass123]]>
              </value>
            </param>
          </params>
          <reporter-output>
          </reporter-output>
        </test-method> <!-- writeExcel -->
        <test-method signature="writeExcel(java.lang.String,java.lang.String)[pri:0, instance:Testng_practice.ExcelData@5e0e82ae]" started-at="2026-05-24T21:11:07 IST" name="writeExcel" data-provider="userdata" finished-at="2026-05-24T21:11:07 IST" duration-ms="6" status="PASS">
          <params>
            <param index="0">
              <value>
                <![CDATA[testuser]]>
              </value>
            </param>
            <param index="1">
              <value>
                <![CDATA[test123]]>
              </value>
            </param>
          </params>
          <reporter-output>
          </reporter-output>
        </test-method> <!-- writeExcel -->
        <test-method signature="writeExcel(java.lang.String,java.lang.String)[pri:0, instance:Testng_practice.ExcelData@5e0e82ae]" started-at="2026-05-24T21:11:07 IST" name="writeExcel" data-provider="userdata" finished-at="2026-05-24T21:11:07 IST" duration-ms="6" status="PASS">
          <params>
            <param index="0">
              <value>
                <![CDATA[abcd]]>
              </value>
            </param>
            <param index="1">
              <value>
                <![CDATA[efgh]]>
              </value>
            </param>
          </params>
          <reporter-output>
          </reporter-output>
        </test-method> <!-- writeExcel -->
        <test-method signature="saveExcel()[pri:0, instance:Testng_practice.ExcelData@5e0e82ae]" started-at="2026-05-24T21:11:07 IST" name="saveExcel" finished-at="2026-05-24T21:11:07 IST" depends-on-methods="Testng_practice.ExcelData.writeExcel" duration-ms="305" status="PASS">
          <reporter-output>
          </reporter-output>
        </test-method> <!-- saveExcel -->
        <test-method signature="loginTest(java.lang.String,java.lang.String)[pri:2, instance:Testng_practice.ExcelData@5e0e82ae]" started-at="2026-05-24T21:11:07 IST" name="loginTest" data-provider="loginData" finished-at="2026-05-24T21:11:07 IST" duration-ms="2" status="PASS">
          <params>
            <param index="0">
              <value>
                <![CDATA[admin]]>
              </value>
            </param>
            <param index="1">
              <value>
                <![CDATA[admin123]]>
              </value>
            </param>
          </params>
          <reporter-output>
          </reporter-output>
        </test-method> <!-- loginTest -->
        <test-method signature="loginTest(java.lang.String,java.lang.String)[pri:2, instance:Testng_practice.ExcelData@5e0e82ae]" started-at="2026-05-24T21:11:07 IST" name="loginTest" data-provider="loginData" finished-at="2026-05-24T21:11:07 IST" duration-ms="2" status="PASS">
          <params>
            <param index="0">
              <value>
                <![CDATA[user1]]>
              </value>
            </param>
            <param index="1">
              <value>
                <![CDATA[pass123]]>
              </value>
            </param>
          </params>
          <reporter-output>
          </reporter-output>
        </test-method> <!-- loginTest -->
        <test-method signature="loginTest(java.lang.String,java.lang.String)[pri:2, instance:Testng_practice.ExcelData@5e0e82ae]" started-at="2026-05-24T21:11:07 IST" name="loginTest" data-provider="loginData" finished-at="2026-05-24T21:11:07 IST" duration-ms="3" status="PASS">
          <params>
            <param index="0">
              <value>
                <![CDATA[testuser]]>
              </value>
            </param>
            <param index="1">
              <value>
                <![CDATA[test123]]>
              </value>
            </param>
          </params>
          <reporter-output>
          </reporter-output>
        </test-method> <!-- loginTest -->
        <test-method signature="loginTest(java.lang.String,java.lang.String)[pri:2, instance:Testng_practice.ExcelData@5e0e82ae]" started-at="2026-05-24T21:11:07 IST" name="loginTest" data-provider="loginData" finished-at="2026-05-24T21:11:07 IST" duration-ms="2" status="PASS">
          <params>
            <param index="0">
              <value>
                <![CDATA[abcd]]>
              </value>
            </param>
            <param index="1">
              <value>
                <![CDATA[efgh]]>
              </value>
            </param>
          </params>
          <reporter-output>
          </reporter-output>
        </test-method> <!-- loginTest -->
      </class> <!-- Testng_practice.ExcelData -->
    </test> <!-- Default test -->
  </suite> <!-- Default suite -->
</testng-results>
