<?xml version="1.0" encoding="UTF-8"?>
<!-- Generated by org.testng.reporters.JUnitXMLReporter -->
<testsuite ignored="6" hostname="Cruiz" failures="0" tests="2" name="RegressionTests" time="34.027" errors="0" timestamp="2026-05-22T09:11:14 IST">
  <testcase classname="Testng_practice.TB_Test" name="multiple_search" time="14.136"/>
  <testcase classname="Testng_practice.TB_Test" name="product_details" time="1.379"/>
  <testcase classname="Testng_practice.TB_Test" name="change_Address" time="0.0">
    <ignored/>
  </testcase> <!-- change_Address -->
  <testcase classname="Testng_practice.TB_Test" name="add_to_cart" time="0.0">
    <ignored/>
  </testcase> <!-- add_to_cart -->
  <testcase classname="Testng_practice.TB_Test" name="delete_cart_item" time="0.0">
    <ignored/>
  </testcase> <!-- delete_cart_item -->
  <testcase classname="Testng_practice.TB_Test" name="Change_name" time="0.0">
    <ignored/>
  </testcase> <!-- Change_name -->
  <testcase classname="Testng_practice.TB_Test" name="registration" time="0.0">
    <ignored/>
  </testcase> <!-- registration -->
  <testcase classname="Testng_practice.TB_Test" name="login" time="0.0">
    <ignored/>
  </testcase> <!-- login -->
</testsuite> <!-- RegressionTests -->
