<?xml version="1.0" encoding="UTF-8"?>
<!-- Generated by org.testng.reporters.JUnitXMLReporter -->
<testsuite ignored="5" hostname="Cruiz" failures="0" tests="3" name="SmokeTests" time="24.414" errors="0" timestamp="2026-05-22T09:17:22 IST">
  <testcase classname="Testng_practice.TB_Test" name="product_details" time="1.649"/>
  <testcase classname="Testng_practice.TB_Test" name="add_to_cart" time="2.85"/>
  <testcase classname="Testng_practice.TB_Test" name="delete_cart_item" time="3.192"/>
  <testcase classname="Testng_practice.TB_Test" name="change_Address" time="0.0">
    <ignored/>
  </testcase> <!-- change_Address -->
  <testcase classname="Testng_practice.TB_Test" name="multiple_search" time="0.0">
    <ignored/>
  </testcase> <!-- multiple_search -->
  <testcase classname="Testng_practice.TB_Test" name="Change_name" time="0.0">
    <ignored/>
  </testcase> <!-- Change_name -->
  <testcase classname="Testng_practice.TB_Test" name="registration" time="0.0">
    <ignored/>
  </testcase> <!-- registration -->
  <testcase classname="Testng_practice.TB_Test" name="login" time="0.0">
    <ignored/>
  </testcase> <!-- login -->
</testsuite> <!-- SmokeTests -->
