<?xml version="1.0" encoding="UTF-8"?>
<!-- Generated by org.testng.reporters.JUnitXMLReporter -->
<testsuite ignored="7" hostname="Cruiz" failures="1" tests="1" name="Smoke" time="0.073" errors="0" timestamp="2026-05-21T16:21:52 IST">
  <testcase classname="Testng_practice.TB_Test" name="product_details" time="0.022">
    <failure type="java.lang.NullPointerException" message="Cannot invoke &amp;quot;org.openqa.selenium.support.ui.WebDriverWait.until(java.util.function.Function)&amp;quot; because &amp;quot;this.wait&amp;quot; is null">
      <![CDATA[java.lang.NullPointerException: Cannot invoke "org.openqa.selenium.support.ui.WebDriverWait.until(java.util.function.Function)" because "this.wait" is null
at Testng_practice.TB_Test.product_details(TB_Test.java:152)
at java.base/java.util.ArrayList.forEach(ArrayList.java:1596)
... Removed 25 stack frames]]>
    </failure>
  </testcase> <!-- product_details -->
  <testcase classname="Testng_practice.TB_Test" name="Change_name" time="0.0">
    <ignored/>
  </testcase> <!-- Change_name -->
  <testcase classname="Testng_practice.TB_Test" name="login" time="0.0">
    <ignored/>
  </testcase> <!-- login -->
  <testcase classname="Testng_practice.TB_Test" name="change_Address" time="0.0">
    <ignored/>
  </testcase> <!-- change_Address -->
  <testcase classname="Testng_practice.TB_Test" name="delete_cart_item" time="0.0">
    <ignored/>
  </testcase> <!-- delete_cart_item -->
  <testcase classname="Testng_practice.TB_Test" name="multiple_search" time="0.0">
    <ignored/>
  </testcase> <!-- multiple_search -->
  <testcase classname="Testng_practice.TB_Test" name="registration" time="0.0">
    <ignored/>
  </testcase> <!-- registration -->
  <testcase classname="Testng_practice.TB_Test" name="add_to_cart" time="0.0">
    <ignored/>
  </testcase> <!-- add_to_cart -->
</testsuite> <!-- Smoke -->
